# JRE version: Java(TM) SE Runtime Environment (25.0.1+8) (build 25.0.1+8-LTS-27)
# Java VM: Java HotSpot(TM) 64-Bit Server VM (25.0.1+8-LTS-27, mixed mode, sharing, tiered, compressed oops, compressed class ptrs, g1 gc, windows-amd64)
GC Precious Log:
 CardTable entry size: 512
 Card Set container configuration: InlinePtr #cards 5 size 8 Array Of Cards #cards 10 size 36 Howl #buckets 4 coarsen threshold 1843 Howl Bitmap #cards 512 size 80 coarsen threshold 460 Card regions per heap region 1 cards per card region 2048
 CPUs: 12 total, 12 available
 Memory: 15690M
 Large Page Support: Disabled
 NUMA Support: Disabled
 Compressed Oops: Enabled (32-bit)
 Heap Region Size: 1M
 Heap Min Capacity: 8M
 Heap Initial Capacity: 246M
 Heap Max Capacity: 2G
 Pre-touch: Disabled
 Parallel Workers: 10
 Concurrent Workers: 3
 Concurrent Refinement Workers: 10
 Periodic GC: Disabled
Heap:
 garbage-first heap   total reserved 2097152K, committed 274432K, used 152576K [0x0000000080000000, 0x0000000100000000)
  region size 1024K, 7 young (7168K), 7 survivors (7168K)
GC Heap Usage History (20 events):
Event: 14.067 {heap After GC invocations=35 (full 0):
 garbage-first heap   total reserved 2097152K, committed 218112K, used 129793K [0x0000000080000000, 0x0000000100000000)
  region size 1024K, 5 young (5120K), 5 survivors (5120K)
}
Event: 14.157 {heap Before GC invocations=35 (full 0):
 garbage-first heap   total reserved 2097152K, committed 218112K, used 186113K [0x0000000080000000, 0x0000000100000000)
  region size 1024K, 60 young (61440K), 5 survivors (5120K)
}
Event: 14.170 {heap After GC invocations=36 (full 0):
 garbage-first heap   total reserved 2097152K, committed 218112K, used 132048K [0x0000000080000000, 0x0000000100000000)
  region size 1024K, 8 young (8192K), 8 survivors (8192K)
}
Event: 14.525 {heap Before GC invocations=36 (full 0):
 garbage-first heap   total reserved 2097152K, committed 218112K, used 184272K [0x0000000080000000, 0x0000000100000000)
  region size 1024K, 58 young (59392K), 8 survivors (8192K)
}
Event: 14.536 {heap After GC invocations=37 (full 0):
 garbage-first heap   total reserved 2097152K, committed 218112K, used 147290K [0x0000000080000000, 0x0000000100000000)
  region size 1024K, 8 young (8192K), 8 survivors (8192K)
}
Event: 15.341 {heap Before GC invocations=37 (full 0):
 garbage-first heap   total reserved 2097152K, committed 218112K, used 188250K [0x0000000080000000, 0x0000000100000000)
  region size 1024K, 48 young (49152K), 8 survivors (8192K)
}
Event: 15.347 {heap After GC invocations=38 (full 0):
 garbage-first heap   total reserved 2097152K, committed 218112K, used 154924K [0x0000000080000000, 0x0000000100000000)
  region size 1024K, 6 young (6144K), 6 survivors (6144K)
}
Event: 15.783 {heap Before GC invocations=39 (full 0):
 garbage-first heap   total reserved 2097152K, committed 220160K, used 168236K [0x0000000080000000, 0x0000000100000000)
  region size 1024K, 43 young (44032K), 6 survivors (6144K)
}
Event: 15.787 {heap After GC invocations=40 (full 0):
 garbage-first heap   total reserved 2097152K, committed 220160K, used 135692K [0x0000000080000000, 0x0000000100000000)
  region size 1024K, 4 young (4096K), 4 survivors (4096K)
}
Event: 16.533 {heap Before GC invocations=40 (full 0):
 garbage-first heap   total reserved 2097152K, committed 220160K, used 187916K [0x0000000080000000, 0x0000000100000000)
  region size 1024K, 56 young (57344K), 4 survivors (4096K)
}
Event: 16.538 {heap After GC invocations=41 (full 0):
 garbage-first heap   total reserved 2097152K, committed 220160K, used 116810K [0x0000000080000000, 0x0000000100000000)
  region size 1024K, 6 young (6144K), 6 survivors (6144K)
}
Event: 17.546 {heap Before GC invocations=41 (full 0):
 garbage-first heap   total reserved 2097152K, committed 220160K, used 184394K [0x0000000080000000, 0x0000000100000000)
  region size 1024K, 73 young (74752K), 6 survivors (6144K)
}
Event: 17.551 {heap After GC invocations=42 (full 0):
 garbage-first heap   total reserved 2097152K, committed 220160K, used 117417K [0x0000000080000000, 0x0000000100000000)
  region size 1024K, 7 young (7168K), 7 survivors (7168K)
}
Event: 18.338 {heap Before GC invocations=42 (full 0):
 garbage-first heap   total reserved 2097152K, committed 220160K, used 188073K [0x0000000080000000, 0x0000000100000000)
  region size 1024K, 77 young (78848K), 7 survivors (7168K)
}
Event: 18.346 {heap After GC invocations=43 (full 0):
 garbage-first heap   total reserved 2097152K, committed 220160K, used 132096K [0x0000000080000000, 0x0000000100000000)
  region size 1024K, 10 young (10240K), 10 survivors (10240K)
}
Event: 18.422 {heap Before GC invocations=44 (full 0):
 garbage-first heap   total reserved 2097152K, committed 220160K, used 168960K [0x0000000080000000, 0x0000000100000000)
  region size 1024K, 65 young (66560K), 10 survivors (10240K)
}
Event: 18.433 {heap After GC invocations=45 (full 0):
 garbage-first heap   total reserved 2097152K, committed 220160K, used 137895K [0x0000000080000000, 0x0000000100000000)
  region size 1024K, 9 young (9216K), 9 survivors (9216K)
}
Event: 18.668 {heap Before GC invocations=45 (full 0):
 garbage-first heap   total reserved 2097152K, committed 220160K, used 183975K [0x0000000080000000, 0x0000000100000000)
  region size 1024K, 53 young (54272K), 9 survivors (9216K)
}
Event: 18.678 {heap After GC invocations=46 (full 0):
 garbage-first heap   total reserved 2097152K, committed 220160K, used 132511K [0x0000000080000000, 0x0000000100000000)
  region size 1024K, 7 young (7168K), 7 survivors (7168K)
}
Event: 19.001 {heap Before GC invocations=46 (full 0):
 garbage-first heap   total reserved 2097152K, committed 220160K, used 187807K [0x0000000080000000, 0x0000000100000000)
  region size 1024K, 54 young (55296K), 7 survivors (7168K)
}

