# JRE version: OpenJDK Runtime Environment (21.0.9) (build 21.0.9+-14649483-b1163.86)
# Java VM: OpenJDK 64-Bit Server VM (21.0.9+-14649483-b1163.86, mixed mode, tiered, compressed oops, compressed class ptrs, g1 gc, windows-amd64)
GC Precious Log:
 CardTable entry size: 512
 Card Set container configuration: InlinePtr #cards 5 size 8 Array Of Cards #cards 12 size 40 Howl #buckets 4 coarsen threshold 1843 Howl Bitmap #cards 512 size 80 coarsen threshold 460 Card regions per heap region 1 cards per card region 2048
 CPUs: 12 total, 12 available
 Memory: 15690M
 Large Page Support: Disabled
 NUMA Support: Disabled
 Compressed Oops: Enabled (32-bit)
 Heap Region Size: 1M
 Heap Min Capacity: 8M
 Heap Initial Capacity: 246M
 Heap Max Capacity: 2G
 Pre-touch: Disabled
 Parallel Workers: 10
 Concurrent Workers: 3
 Concurrent Refinement Workers: 10
 Periodic GC: Disabled
Heap:
 garbage-first heap   total 250880K, used 140564K [0x0000000080000000, 0x0000000100000000)
  region size 1024K, 6 young (6144K), 6 survivors (6144K)
 Metaspace       used 112090K, committed 114432K, reserved 1179648K
  class space    used 15654K, committed 16768K, reserved 1048576K
GC Heap History (20 events):
Event: 11.122 GC heap after
{Heap after GC invocations=34 (full 0):
 garbage-first heap   total 231424K, used 99414K [0x0000000080000000, 0x0000000100000000)
  region size 1024K, 12 young (12288K), 12 survivors (12288K)
 Metaspace       used 75575K, committed 77568K, reserved 1179648K
  class space    used 10680K, committed 11648K, reserved 1048576K
}
Event: 12.353 GC heap before
{Heap before GC invocations=34 (full 0):
 garbage-first heap   total 231424K, used 172118K [0x0000000080000000, 0x0000000100000000)
  region size 1024K, 84 young (86016K), 12 survivors (12288K)
 Metaspace       used 82671K, committed 84736K, reserved 1179648K
  class space    used 11536K, committed 12544K, reserved 1048576K
}
Event: 12.358 GC heap after
{Heap after GC invocations=35 (full 0):
 garbage-first heap   total 231424K, used 101949K [0x0000000080000000, 0x0000000100000000)
  region size 1024K, 11 young (11264K), 11 survivors (11264K)
 Metaspace       used 82671K, committed 84736K, reserved 1179648K
  class space    used 11536K, committed 12544K, reserved 1048576K
}
Event: 14.377 GC heap before
{Heap before GC invocations=36 (full 0):
 garbage-first heap   total 231424K, used 220733K [0x0000000080000000, 0x0000000100000000)
  region size 1024K, 120 young (122880K), 11 survivors (11264K)
 Metaspace       used 90482K, committed 92608K, reserved 1179648K
  class space    used 12595K, committed 13632K, reserved 1048576K
}
Event: 14.384 GC heap after
{Heap after GC invocations=37 (full 0):
 garbage-first heap   total 239616K, used 112338K [0x0000000080000000, 0x0000000100000000)
  region size 1024K, 10 young (10240K), 10 survivors (10240K)
 Metaspace       used 90482K, committed 92608K, reserved 1179648K
  class space    used 12595K, committed 13632K, reserved 1048576K
}
Event: 15.662 GC heap before
{Heap before GC invocations=37 (full 0):
 garbage-first heap   total 239616K, used 220882K [0x0000000080000000, 0x0000000100000000)
  region size 1024K, 116 young (118784K), 10 survivors (10240K)
 Metaspace       used 96469K, committed 98688K, reserved 1179648K
  class space    used 13408K, committed 14464K, reserved 1048576K
}
Event: 15.670 GC heap after
{Heap after GC invocations=38 (full 0):
 garbage-first heap   total 240640K, used 118301K [0x0000000080000000, 0x0000000100000000)
  region size 1024K, 15 young (15360K), 15 survivors (15360K)
 Metaspace       used 96469K, committed 98688K, reserved 1179648K
  class space    used 13408K, committed 14464K, reserved 1048576K
}
Event: 16.786 GC heap before
{Heap before GC invocations=38 (full 0):
 garbage-first heap   total 240640K, used 220701K [0x0000000080000000, 0x0000000100000000)
  region size 1024K, 115 young (117760K), 15 survivors (15360K)
 Metaspace       used 103224K, committed 105472K, reserved 1179648K
  class space    used 14534K, committed 15616K, reserved 1048576K
}
Event: 16.794 GC heap after
{Heap after GC invocations=39 (full 0):
 garbage-first heap   total 242688K, used 123967K [0x0000000080000000, 0x0000000100000000)
  region size 1024K, 13 young (13312K), 13 survivors (13312K)
 Metaspace       used 103224K, committed 105472K, reserved 1179648K
  class space    used 14534K, committed 15616K, reserved 1048576K
}
Event: 17.955 GC heap before
{Heap before GC invocations=40 (full 0):
 garbage-first heap   total 242688K, used 229439K [0x0000000080000000, 0x0000000100000000)
  region size 1024K, 110 young (112640K), 13 survivors (13312K)
 Metaspace       used 112088K, committed 114432K, reserved 1179648K
  class space    used 15654K, committed 16768K, reserved 1048576K
}
Event: 20.988 GC heap after
{Heap after GC invocations=41 (full 0):
 garbage-first heap   total 250880K, used 132799K [0x0000000080000000, 0x0000000100000000)
  region size 1024K, 14 young (14336K), 14 survivors (14336K)
 Metaspace       used 112088K, committed 114432K, reserved 1179648K
  class space    used 15654K, committed 16768K, reserved 1048576K
}
Event: 22.258 GC heap before
{Heap before GC invocations=41 (full 0):
 garbage-first heap   total 250880K, used 229055K [0x0000000080000000, 0x0000000100000000)
  region size 1024K, 108 young (110592K), 14 survivors (14336K)
 Metaspace       used 112089K, committed 114432K, reserved 1179648K
  class space    used 15654K, committed 16768K, reserved 1048576K
}
Event: 22.265 GC heap after
{Heap after GC invocations=42 (full 0):
 garbage-first heap   total 250880K, used 135971K [0x0000000080000000, 0x0000000100000000)
  region size 1024K, 6 young (6144K), 6 survivors (6144K)
 Metaspace       used 112089K, committed 114432K, reserved 1179648K
  class space    used 15654K, committed 16768K, reserved 1048576K
}
Event: 22.290 GC heap before
{Heap before GC invocations=42 (full 0):
 garbage-first heap   total 250880K, used 142115K [0x0000000080000000, 0x0000000100000000)
  region size 1024K, 12 young (12288K), 6 survivors (6144K)
 Metaspace       used 112090K, committed 114432K, reserved 1179648K
  class space    used 15654K, committed 16768K, reserved 1048576K
}
Event: 22.292 GC heap after
{Heap after GC invocations=43 (full 0):
 garbage-first heap   total 250880K, used 136415K [0x0000000080000000, 0x0000000100000000)
  region size 1024K, 2 young (2048K), 2 survivors (2048K)
 Metaspace       used 112090K, committed 114432K, reserved 1179648K
  class space    used 15654K, committed 16768K, reserved 1048576K
}
Event: 24.327 GC heap before
{Heap before GC invocations=43 (full 0):
 garbage-first heap   total 250880K, used 146655K [0x0000000080000000, 0x0000000100000000)
  region size 1024K, 12 young (12288K), 2 survivors (2048K)
 Metaspace       used 112090K, committed 114432K, reserved 1179648K
  class space    used 15654K, committed 16768K, reserved 1048576K
}
Event: 24.329 GC heap after
{Heap after GC invocations=44 (full 0):
 garbage-first heap   total 250880K, used 137433K [0x0000000080000000, 0x0000000100000000)
  region size 1024K, 2 young (2048K), 2 survivors (2048K)
 Metaspace       used 112090K, committed 114432K, reserved 1179648K
  class space    used 15654K, committed 16768K, reserved 1048576K
}
Event: 24.380 GC heap before
{Heap before GC invocations=45 (full 0):
 garbage-first heap   total 250880K, used 149721K [0x0000000080000000, 0x0000000100000000)
  region size 1024K, 14 young (14336K), 2 survivors (2048K)
 Metaspace       used 112090K, committed 114432K, reserved 1179648K
  class space    used 15654K, committed 16768K, reserved 1048576K
}
Event: 24.381 GC heap after
{Heap after GC invocations=46 (full 0):
 garbage-first heap   total 250880K, used 138308K [0x0000000080000000, 0x0000000100000000)
  region size 1024K, 2 young (2048K), 2 survivors (2048K)
 Metaspace       used 112090K, committed 114432K, reserved 1179648K
  class space    used 15654K, committed 16768K, reserved 1048576K
}
Event: 24.790 GC heap before
{Heap before GC invocations=46 (full 0):
 garbage-first heap   total 250880K, used 224324K [0x0000000080000000, 0x0000000100000000)
  region size 1024K, 86 young (88064K), 2 survivors (2048K)
 Metaspace       used 112090K, committed 114432K, reserved 1179648K
  class space    used 15654K, committed 16768K, reserved 1048576K
}

